<?xml version="1.0" encoding="UTF-8"?>
<!-- Generated by org.testng.reporters.JUnitXMLReporter -->
<testsuite ignored="0" hostname="DESKTOP-2PSTLR1" failures="2" tests="10" name="Test" time="153.303" errors="0" timestamp="2022-05-02T20:47:46 IST">
  <testcase classname="com.demoOpencart.testCases.TC_LoginTest_001" name="loginTest" time="7.405"/>
  <testcase classname="com.demoOpencart.testCases.TC_LoginDDT_002" name="loginDDT" time="12.488"/>
  <testcase classname="com.demoOpencart.testCases.TC_LoginDDT_002" name="loginDDT" time="12.488"/>
  <testcase classname="com.demoOpencart.testCases.TC_LoginDDT_002" name="loginDDT" time="12.4"/>
  <testcase classname="com.demoOpencart.testCases.TC_LoginDDT_002" name="loginDDT" time="6.317">
    <failure type="java.lang.AssertionError" message="expected [true] but found [false]">
      <![CDATA[java.lang.AssertionError: expected [true] but found [false]
at com.demoOpencart.testCases.TC_LoginDDT_002.loginDDT(TC_LoginDDT_002.java:42)
at java.base/java.util.ArrayList.forEach(ArrayList.java:1541)
... Removed 31 stack frames]]>
    </failure>
  </testcase> <!-- loginDDT -->
  <testcase classname="com.demoOpencart.testCases.TC_LoginDDT_002" name="loginDDT" time="6.55">
    <failure type="java.lang.AssertionError" message="expected [true] but found [false]">
      <![CDATA[java.lang.AssertionError: expected [true] but found [false]
at com.demoOpencart.testCases.TC_LoginDDT_002.loginDDT(TC_LoginDDT_002.java:42)
at java.base/java.util.ArrayList.forEach(ArrayList.java:1541)
... Removed 31 stack frames]]>
    </failure>
  </testcase> <!-- loginDDT -->
  <testcase classname="com.demoOpencart.testCases.TC_RegistrationTest" name="registrationTest" time="5.107"/>
  <testcase classname="com.demoOpencart.testCases.TC_OrderProductTest" name="orderProductTest" time="29.531"/>
  <testcase classname="com.demoOpencart.testCases.TC_WishListTest" name="wishListTest" time="10.472"/>
  <testcase classname="com.demoOpencart.testCases.TC_SortingTest" name="sortingTest" time="7.548"/>
</testsuite> <!-- Test -->
