<?xml version="1.0" encoding="UTF-8"?>
<testsuite xmlns:xsi="http://www.w3.org/2001/XMLSchema-instance" xsi:noNamespaceSchemaLocation="https://maven.apache.org/surefire/maven-surefire-plugin/xsd/surefire-test-report.xsd" name="TestSuite" time="242.117" tests="10" errors="0" skipped="0" failures="10">
  <properties>
[...]
</properties>
  <testcase name="loginTest" classname="com.demoOpencart.testCases.TC_LoginTest_001" time="20.168">
    <failure message="element not interactable&#10;  (Session info: chrome=100.0.4896.127)&#10;Build info: version: &apos;4.1.3&apos;, revision: &apos;7b1ebf28ef&apos;&#10;System info: host: &apos;DESKTOP-2PSTLR1&apos;, ip: &apos;192.168.1.5&apos;, os.name: &apos;Windows 10&apos;, os.arch: &apos;amd64&apos;, os.version: &apos;10.0&apos;, java.version: &apos;11.0.14&apos;&#10;Driver info: org.openqa.selenium.chrome.ChromeDriver&#10;Command: [62d6d5718e995fe0eca78a8fc35dfac0, clickElement {id=1b778d48-3a0a-465a-930a-f76e7f5715df}]&#10;Capabilities {acceptInsecureCerts: false, browserName: chrome, browserVersion: 100.0.4896.127, chrome: {chromedriverVersion: 100.0.4896.60 (6a5d10861ce8..., userDataDir: C:\WINDOWS\TEMP\scoped_dir1...}, goog:chromeOptions: {debuggerAddress: localhost:61070}, javascriptEnabled: true, networkConnectionEnabled: false, pageLoadStrategy: normal, platform: WINDOWS, platformName: WINDOWS, proxy: Proxy(), se:cdp: ws://localhost:61070/devtoo..., se:cdpVersion: 100.0.4896.127, setWindowRect: true, strictFileInteractability: false, timeouts: {implicit: 0, pageLoad: 300000, script: 30000}, unhandledPromptBehavior: dismiss and notify, webauthn:extension:credBlob: true, webauthn:extension:largeBlob: true, webauthn:virtualAuthenticators: true}&#10;Element: [[ChromeDriver: chrome on WINDOWS (62d6d5718e995fe0eca78a8fc35dfac0)] -&gt; xpath: //span[text()=&apos;My Account&apos;]]&#10;Session ID: 62d6d5718e995fe0eca78a8fc35dfac0" type="org.openqa.selenium.ElementNotInteractableException">org.openqa.selenium.ElementNotInteractableException: 
element not interactable
  (Session info: chrome=100.0.4896.127)
Build info: version: '4.1.3', revision: '7b1ebf28ef'
System info: host: 'DESKTOP-2PSTLR1', ip: '192.168.1.5', os.name: 'Windows 10', os.arch: 'amd64', os.version: '10.0', java.version: '11.0.14'
Driver info: org.openqa.selenium.chrome.ChromeDriver
Command: [62d6d5718e995fe0eca78a8fc35dfac0, clickElement {id=1b778d48-3a0a-465a-930a-f76e7f5715df}]
Capabilities {acceptInsecureCerts: false, browserName: chrome, browserVersion: 100.0.4896.127, chrome: {chromedriverVersion: 100.0.4896.60 (6a5d10861ce8..., userDataDir: C:\WINDOWS\TEMP\scoped_dir1...}, goog:chromeOptions: {debuggerAddress: localhost:61070}, javascriptEnabled: true, networkConnectionEnabled: false, pageLoadStrategy: normal, platform: WINDOWS, platformName: WINDOWS, proxy: Proxy(), se:cdp: ws://localhost:61070/devtoo..., se:cdpVersion: 100.0.4896.127, setWindowRect: true, strictFileInteractability: false, timeouts: {implicit: 0, pageLoad: 300000, script: 30000}, unhandledPromptBehavior: dismiss and notify, webauthn:extension:credBlob: true, webauthn:extension:largeBlob: true, webauthn:virtualAuthenticators: true}
Element: [[ChromeDriver: chrome on WINDOWS (62d6d5718e995fe0eca78a8fc35dfac0)] -> xpath: //span[text()='My Account']]
Session ID: 62d6d5718e995fe0eca78a8fc35dfac0
	at com.demoOpencart.testCases.TC_LoginTest_001.loginTest(TC_LoginTest_001.java:18)
</failure>
    <system-err><![CDATA[SLF4J: Failed to load class "org.slf4j.impl.StaticLoggerBinder".
SLF4J: Defaulting to no-operation (NOP) logger implementation
SLF4J: See http://www.slf4j.org/codes.html#StaticLoggerBinder for further details.
ERROR StatusLogger Log4j2 could not find a logging implementation. Please add log4j-core to the classpath. Using SimpleLogger to log to the console...
Starting ChromeDriver 100.0.4896.60 (6a5d10861ce8de5fce22564658033b43cb7de047-refs/branch-heads/4896@{#875}) on port 64027
Only local connections are allowed.
Please see https://chromedriver.chromium.org/security-considerations for suggestions on keeping ChromeDriver safe.
ChromeDriver was started successfully.
May 02, 2022 11:30:30 PM org.openqa.selenium.remote.ProtocolHandshake createSession
INFO: Detected dialect: W3C
May 02, 2022 11:30:30 PM org.openqa.selenium.devtools.CdpVersionFinder findNearestMatch
WARNING: Unable to find an exact match for CDP version 100, so returning the closest version found: 99
May 02, 2022 11:30:30 PM org.openqa.selenium.devtools.CdpVersionFinder findNearestMatch
INFO: Found CDP implementation for version 100 of 99
]]></system-err>
  </testcase>
  <testcase name="loginDDT" classname="com.demoOpencart.testCases.TC_LoginDDT_002" time="20.1">
    <failure message="element not interactable&#10;  (Session info: chrome=100.0.4896.127)&#10;Build info: version: &apos;4.1.3&apos;, revision: &apos;7b1ebf28ef&apos;&#10;System info: host: &apos;DESKTOP-2PSTLR1&apos;, ip: &apos;192.168.1.5&apos;, os.name: &apos;Windows 10&apos;, os.arch: &apos;amd64&apos;, os.version: &apos;10.0&apos;, java.version: &apos;11.0.14&apos;&#10;Driver info: org.openqa.selenium.chrome.ChromeDriver&#10;Command: [e367107825fd6a37f8725f0d689b80ac, clickElement {id=6c79afba-dd04-43fe-b7e9-14b932a0606e}]&#10;Capabilities {acceptInsecureCerts: false, browserName: chrome, browserVersion: 100.0.4896.127, chrome: {chromedriverVersion: 100.0.4896.60 (6a5d10861ce8..., userDataDir: C:\WINDOWS\TEMP\scoped_dir8...}, goog:chromeOptions: {debuggerAddress: localhost:61091}, javascriptEnabled: true, networkConnectionEnabled: false, pageLoadStrategy: normal, platform: WINDOWS, platformName: WINDOWS, proxy: Proxy(), se:cdp: ws://localhost:61091/devtoo..., se:cdpVersion: 100.0.4896.127, setWindowRect: true, strictFileInteractability: false, timeouts: {implicit: 0, pageLoad: 300000, script: 30000}, unhandledPromptBehavior: dismiss and notify, webauthn:extension:credBlob: true, webauthn:extension:largeBlob: true, webauthn:virtualAuthenticators: true}&#10;Element: [[ChromeDriver: chrome on WINDOWS (e367107825fd6a37f8725f0d689b80ac)] -&gt; xpath: //span[text()=&apos;My Account&apos;]]&#10;Session ID: e367107825fd6a37f8725f0d689b80ac" type="org.openqa.selenium.ElementNotInteractableException">org.openqa.selenium.ElementNotInteractableException: 
element not interactable
  (Session info: chrome=100.0.4896.127)
Build info: version: '4.1.3', revision: '7b1ebf28ef'
System info: host: 'DESKTOP-2PSTLR1', ip: '192.168.1.5', os.name: 'Windows 10', os.arch: 'amd64', os.version: '10.0', java.version: '11.0.14'
Driver info: org.openqa.selenium.chrome.ChromeDriver
Command: [e367107825fd6a37f8725f0d689b80ac, clickElement {id=6c79afba-dd04-43fe-b7e9-14b932a0606e}]
Capabilities {acceptInsecureCerts: false, browserName: chrome, browserVersion: 100.0.4896.127, chrome: {chromedriverVersion: 100.0.4896.60 (6a5d10861ce8..., userDataDir: C:\WINDOWS\TEMP\scoped_dir8...}, goog:chromeOptions: {debuggerAddress: localhost:61091}, javascriptEnabled: true, networkConnectionEnabled: false, pageLoadStrategy: normal, platform: WINDOWS, platformName: WINDOWS, proxy: Proxy(), se:cdp: ws://localhost:61091/devtoo..., se:cdpVersion: 100.0.4896.127, setWindowRect: true, strictFileInteractability: false, timeouts: {implicit: 0, pageLoad: 300000, script: 30000}, unhandledPromptBehavior: dismiss and notify, webauthn:extension:credBlob: true, webauthn:extension:largeBlob: true, webauthn:virtualAuthenticators: true}
Element: [[ChromeDriver: chrome on WINDOWS (e367107825fd6a37f8725f0d689b80ac)] -> xpath: //span[text()='My Account']]
Session ID: e367107825fd6a37f8725f0d689b80ac
	at com.demoOpencart.testCases.TC_LoginDDT_002.loginDDT(TC_LoginDDT_002.java:21)
</failure>
    <system-err><![CDATA[Starting ChromeDriver 100.0.4896.60 (6a5d10861ce8de5fce22564658033b43cb7de047-refs/branch-heads/4896@{#875}) on port 59962
Only local connections are allowed.
Please see https://chromedriver.chromium.org/security-considerations for suggestions on keeping ChromeDriver safe.
ChromeDriver was started successfully.
May 02, 2022 11:30:55 PM org.openqa.selenium.remote.ProtocolHandshake createSession
INFO: Detected dialect: W3C
May 02, 2022 11:30:55 PM org.openqa.selenium.devtools.CdpVersionFinder findNearestMatch
WARNING: Unable to find an exact match for CDP version 100, so returning the closest version found: 99
May 02, 2022 11:30:55 PM org.openqa.selenium.devtools.CdpVersionFinder findNearestMatch
INFO: Found CDP implementation for version 100 of 99
]]></system-err>
  </testcase>
  <testcase name="loginDDT" classname="com.demoOpencart.testCases.TC_LoginDDT_002" time="20.05">
    <failure message="element not interactable&#10;  (Session info: chrome=100.0.4896.127)&#10;Build info: version: &apos;4.1.3&apos;, revision: &apos;7b1ebf28ef&apos;&#10;System info: host: &apos;DESKTOP-2PSTLR1&apos;, ip: &apos;192.168.1.5&apos;, os.name: &apos;Windows 10&apos;, os.arch: &apos;amd64&apos;, os.version: &apos;10.0&apos;, java.version: &apos;11.0.14&apos;&#10;Driver info: org.openqa.selenium.chrome.ChromeDriver&#10;Command: [e367107825fd6a37f8725f0d689b80ac, clickElement {id=6c79afba-dd04-43fe-b7e9-14b932a0606e}]&#10;Capabilities {acceptInsecureCerts: false, browserName: chrome, browserVersion: 100.0.4896.127, chrome: {chromedriverVersion: 100.0.4896.60 (6a5d10861ce8..., userDataDir: C:\WINDOWS\TEMP\scoped_dir8...}, goog:chromeOptions: {debuggerAddress: localhost:61091}, javascriptEnabled: true, networkConnectionEnabled: false, pageLoadStrategy: normal, platform: WINDOWS, platformName: WINDOWS, proxy: Proxy(), se:cdp: ws://localhost:61091/devtoo..., se:cdpVersion: 100.0.4896.127, setWindowRect: true, strictFileInteractability: false, timeouts: {implicit: 0, pageLoad: 300000, script: 30000}, unhandledPromptBehavior: dismiss and notify, webauthn:extension:credBlob: true, webauthn:extension:largeBlob: true, webauthn:virtualAuthenticators: true}&#10;Element: [[ChromeDriver: chrome on WINDOWS (e367107825fd6a37f8725f0d689b80ac)] -&gt; xpath: //span[text()=&apos;My Account&apos;]]&#10;Session ID: e367107825fd6a37f8725f0d689b80ac" type="org.openqa.selenium.ElementNotInteractableException">org.openqa.selenium.ElementNotInteractableException: 
element not interactable
  (Session info: chrome=100.0.4896.127)
Build info: version: '4.1.3', revision: '7b1ebf28ef'
System info: host: 'DESKTOP-2PSTLR1', ip: '192.168.1.5', os.name: 'Windows 10', os.arch: 'amd64', os.version: '10.0', java.version: '11.0.14'
Driver info: org.openqa.selenium.chrome.ChromeDriver
Command: [e367107825fd6a37f8725f0d689b80ac, clickElement {id=6c79afba-dd04-43fe-b7e9-14b932a0606e}]
Capabilities {acceptInsecureCerts: false, browserName: chrome, browserVersion: 100.0.4896.127, chrome: {chromedriverVersion: 100.0.4896.60 (6a5d10861ce8..., userDataDir: C:\WINDOWS\TEMP\scoped_dir8...}, goog:chromeOptions: {debuggerAddress: localhost:61091}, javascriptEnabled: true, networkConnectionEnabled: false, pageLoadStrategy: normal, platform: WINDOWS, platformName: WINDOWS, proxy: Proxy(), se:cdp: ws://localhost:61091/devtoo..., se:cdpVersion: 100.0.4896.127, setWindowRect: true, strictFileInteractability: false, timeouts: {implicit: 0, pageLoad: 300000, script: 30000}, unhandledPromptBehavior: dismiss and notify, webauthn:extension:credBlob: true, webauthn:extension:largeBlob: true, webauthn:virtualAuthenticators: true}
Element: [[ChromeDriver: chrome on WINDOWS (e367107825fd6a37f8725f0d689b80ac)] -> xpath: //span[text()='My Account']]
Session ID: e367107825fd6a37f8725f0d689b80ac
	at com.demoOpencart.testCases.TC_LoginDDT_002.loginDDT(TC_LoginDDT_002.java:21)
</failure>
  </testcase>
  <testcase name="loginDDT" classname="com.demoOpencart.testCases.TC_LoginDDT_002" time="20.045">
    <failure message="element not interactable&#10;  (Session info: chrome=100.0.4896.127)&#10;Build info: version: &apos;4.1.3&apos;, revision: &apos;7b1ebf28ef&apos;&#10;System info: host: &apos;DESKTOP-2PSTLR1&apos;, ip: &apos;192.168.1.5&apos;, os.name: &apos;Windows 10&apos;, os.arch: &apos;amd64&apos;, os.version: &apos;10.0&apos;, java.version: &apos;11.0.14&apos;&#10;Driver info: org.openqa.selenium.chrome.ChromeDriver&#10;Command: [e367107825fd6a37f8725f0d689b80ac, clickElement {id=6c79afba-dd04-43fe-b7e9-14b932a0606e}]&#10;Capabilities {acceptInsecureCerts: false, browserName: chrome, browserVersion: 100.0.4896.127, chrome: {chromedriverVersion: 100.0.4896.60 (6a5d10861ce8..., userDataDir: C:\WINDOWS\TEMP\scoped_dir8...}, goog:chromeOptions: {debuggerAddress: localhost:61091}, javascriptEnabled: true, networkConnectionEnabled: false, pageLoadStrategy: normal, platform: WINDOWS, platformName: WINDOWS, proxy: Proxy(), se:cdp: ws://localhost:61091/devtoo..., se:cdpVersion: 100.0.4896.127, setWindowRect: true, strictFileInteractability: false, timeouts: {implicit: 0, pageLoad: 300000, script: 30000}, unhandledPromptBehavior: dismiss and notify, webauthn:extension:credBlob: true, webauthn:extension:largeBlob: true, webauthn:virtualAuthenticators: true}&#10;Element: [[ChromeDriver: chrome on WINDOWS (e367107825fd6a37f8725f0d689b80ac)] -&gt; xpath: //span[text()=&apos;My Account&apos;]]&#10;Session ID: e367107825fd6a37f8725f0d689b80ac" type="org.openqa.selenium.ElementNotInteractableException">org.openqa.selenium.ElementNotInteractableException: 
element not interactable
  (Session info: chrome=100.0.4896.127)
Build info: version: '4.1.3', revision: '7b1ebf28ef'
System info: host: 'DESKTOP-2PSTLR1', ip: '192.168.1.5', os.name: 'Windows 10', os.arch: 'amd64', os.version: '10.0', java.version: '11.0.14'
Driver info: org.openqa.selenium.chrome.ChromeDriver
Command: [e367107825fd6a37f8725f0d689b80ac, clickElement {id=6c79afba-dd04-43fe-b7e9-14b932a0606e}]
Capabilities {acceptInsecureCerts: false, browserName: chrome, browserVersion: 100.0.4896.127, chrome: {chromedriverVersion: 100.0.4896.60 (6a5d10861ce8..., userDataDir: C:\WINDOWS\TEMP\scoped_dir8...}, goog:chromeOptions: {debuggerAddress: localhost:61091}, javascriptEnabled: true, networkConnectionEnabled: false, pageLoadStrategy: normal, platform: WINDOWS, platformName: WINDOWS, proxy: Proxy(), se:cdp: ws://localhost:61091/devtoo..., se:cdpVersion: 100.0.4896.127, setWindowRect: true, strictFileInteractability: false, timeouts: {implicit: 0, pageLoad: 300000, script: 30000}, unhandledPromptBehavior: dismiss and notify, webauthn:extension:credBlob: true, webauthn:extension:largeBlob: true, webauthn:virtualAuthenticators: true}
Element: [[ChromeDriver: chrome on WINDOWS (e367107825fd6a37f8725f0d689b80ac)] -> xpath: //span[text()='My Account']]
Session ID: e367107825fd6a37f8725f0d689b80ac
	at com.demoOpencart.testCases.TC_LoginDDT_002.loginDDT(TC_LoginDDT_002.java:21)
</failure>
  </testcase>
  <testcase name="loginDDT" classname="com.demoOpencart.testCases.TC_LoginDDT_002" time="20.066">
    <failure message="element not interactable&#10;  (Session info: chrome=100.0.4896.127)&#10;Build info: version: &apos;4.1.3&apos;, revision: &apos;7b1ebf28ef&apos;&#10;System info: host: &apos;DESKTOP-2PSTLR1&apos;, ip: &apos;192.168.1.5&apos;, os.name: &apos;Windows 10&apos;, os.arch: &apos;amd64&apos;, os.version: &apos;10.0&apos;, java.version: &apos;11.0.14&apos;&#10;Driver info: org.openqa.selenium.chrome.ChromeDriver&#10;Command: [e367107825fd6a37f8725f0d689b80ac, clickElement {id=6c79afba-dd04-43fe-b7e9-14b932a0606e}]&#10;Capabilities {acceptInsecureCerts: false, browserName: chrome, browserVersion: 100.0.4896.127, chrome: {chromedriverVersion: 100.0.4896.60 (6a5d10861ce8..., userDataDir: C:\WINDOWS\TEMP\scoped_dir8...}, goog:chromeOptions: {debuggerAddress: localhost:61091}, javascriptEnabled: true, networkConnectionEnabled: false, pageLoadStrategy: normal, platform: WINDOWS, platformName: WINDOWS, proxy: Proxy(), se:cdp: ws://localhost:61091/devtoo..., se:cdpVersion: 100.0.4896.127, setWindowRect: true, strictFileInteractability: false, timeouts: {implicit: 0, pageLoad: 300000, script: 30000}, unhandledPromptBehavior: dismiss and notify, webauthn:extension:credBlob: true, webauthn:extension:largeBlob: true, webauthn:virtualAuthenticators: true}&#10;Element: [[ChromeDriver: chrome on WINDOWS (e367107825fd6a37f8725f0d689b80ac)] -&gt; xpath: //span[text()=&apos;My Account&apos;]]&#10;Session ID: e367107825fd6a37f8725f0d689b80ac" type="org.openqa.selenium.ElementNotInteractableException">org.openqa.selenium.ElementNotInteractableException: 
element not interactable
  (Session info: chrome=100.0.4896.127)
Build info: version: '4.1.3', revision: '7b1ebf28ef'
System info: host: 'DESKTOP-2PSTLR1', ip: '192.168.1.5', os.name: 'Windows 10', os.arch: 'amd64', os.version: '10.0', java.version: '11.0.14'
Driver info: org.openqa.selenium.chrome.ChromeDriver
Command: [e367107825fd6a37f8725f0d689b80ac, clickElement {id=6c79afba-dd04-43fe-b7e9-14b932a0606e}]
Capabilities {acceptInsecureCerts: false, browserName: chrome, browserVersion: 100.0.4896.127, chrome: {chromedriverVersion: 100.0.4896.60 (6a5d10861ce8..., userDataDir: C:\WINDOWS\TEMP\scoped_dir8...}, goog:chromeOptions: {debuggerAddress: localhost:61091}, javascriptEnabled: true, networkConnectionEnabled: false, pageLoadStrategy: normal, platform: WINDOWS, platformName: WINDOWS, proxy: Proxy(), se:cdp: ws://localhost:61091/devtoo..., se:cdpVersion: 100.0.4896.127, setWindowRect: true, strictFileInteractability: false, timeouts: {implicit: 0, pageLoad: 300000, script: 30000}, unhandledPromptBehavior: dismiss and notify, webauthn:extension:credBlob: true, webauthn:extension:largeBlob: true, webauthn:virtualAuthenticators: true}
Element: [[ChromeDriver: chrome on WINDOWS (e367107825fd6a37f8725f0d689b80ac)] -> xpath: //span[text()='My Account']]
Session ID: e367107825fd6a37f8725f0d689b80ac
	at com.demoOpencart.testCases.TC_LoginDDT_002.loginDDT(TC_LoginDDT_002.java:21)
</failure>
  </testcase>
  <testcase name="loginDDT" classname="com.demoOpencart.testCases.TC_LoginDDT_002" time="20.04">
    <failure message="element not interactable&#10;  (Session info: chrome=100.0.4896.127)&#10;Build info: version: &apos;4.1.3&apos;, revision: &apos;7b1ebf28ef&apos;&#10;System info: host: &apos;DESKTOP-2PSTLR1&apos;, ip: &apos;192.168.1.5&apos;, os.name: &apos;Windows 10&apos;, os.arch: &apos;amd64&apos;, os.version: &apos;10.0&apos;, java.version: &apos;11.0.14&apos;&#10;Driver info: org.openqa.selenium.chrome.ChromeDriver&#10;Command: [e367107825fd6a37f8725f0d689b80ac, clickElement {id=6c79afba-dd04-43fe-b7e9-14b932a0606e}]&#10;Capabilities {acceptInsecureCerts: false, browserName: chrome, browserVersion: 100.0.4896.127, chrome: {chromedriverVersion: 100.0.4896.60 (6a5d10861ce8..., userDataDir: C:\WINDOWS\TEMP\scoped_dir8...}, goog:chromeOptions: {debuggerAddress: localhost:61091}, javascriptEnabled: true, networkConnectionEnabled: false, pageLoadStrategy: normal, platform: WINDOWS, platformName: WINDOWS, proxy: Proxy(), se:cdp: ws://localhost:61091/devtoo..., se:cdpVersion: 100.0.4896.127, setWindowRect: true, strictFileInteractability: false, timeouts: {implicit: 0, pageLoad: 300000, script: 30000}, unhandledPromptBehavior: dismiss and notify, webauthn:extension:credBlob: true, webauthn:extension:largeBlob: true, webauthn:virtualAuthenticators: true}&#10;Element: [[ChromeDriver: chrome on WINDOWS (e367107825fd6a37f8725f0d689b80ac)] -&gt; xpath: //span[text()=&apos;My Account&apos;]]&#10;Session ID: e367107825fd6a37f8725f0d689b80ac" type="org.openqa.selenium.ElementNotInteractableException">org.openqa.selenium.ElementNotInteractableException: 
element not interactable
  (Session info: chrome=100.0.4896.127)
Build info: version: '4.1.3', revision: '7b1ebf28ef'
System info: host: 'DESKTOP-2PSTLR1', ip: '192.168.1.5', os.name: 'Windows 10', os.arch: 'amd64', os.version: '10.0', java.version: '11.0.14'
Driver info: org.openqa.selenium.chrome.ChromeDriver
Command: [e367107825fd6a37f8725f0d689b80ac, clickElement {id=6c79afba-dd04-43fe-b7e9-14b932a0606e}]
Capabilities {acceptInsecureCerts: false, browserName: chrome, browserVersion: 100.0.4896.127, chrome: {chromedriverVersion: 100.0.4896.60 (6a5d10861ce8..., userDataDir: C:\WINDOWS\TEMP\scoped_dir8...}, goog:chromeOptions: {debuggerAddress: localhost:61091}, javascriptEnabled: true, networkConnectionEnabled: false, pageLoadStrategy: normal, platform: WINDOWS, platformName: WINDOWS, proxy: Proxy(), se:cdp: ws://localhost:61091/devtoo..., se:cdpVersion: 100.0.4896.127, setWindowRect: true, strictFileInteractability: false, timeouts: {implicit: 0, pageLoad: 300000, script: 30000}, unhandledPromptBehavior: dismiss and notify, webauthn:extension:credBlob: true, webauthn:extension:largeBlob: true, webauthn:virtualAuthenticators: true}
Element: [[ChromeDriver: chrome on WINDOWS (e367107825fd6a37f8725f0d689b80ac)] -> xpath: //span[text()='My Account']]
Session ID: e367107825fd6a37f8725f0d689b80ac
	at com.demoOpencart.testCases.TC_LoginDDT_002.loginDDT(TC_LoginDDT_002.java:21)
</failure>
  </testcase>
  <testcase name="registrationTest" classname="com.demoOpencart.testCases.TC_RegistrationTest" time="20.054">
    <failure message="element not interactable&#10;  (Session info: chrome=100.0.4896.127)&#10;Build info: version: &apos;4.1.3&apos;, revision: &apos;7b1ebf28ef&apos;&#10;System info: host: &apos;DESKTOP-2PSTLR1&apos;, ip: &apos;192.168.1.5&apos;, os.name: &apos;Windows 10&apos;, os.arch: &apos;amd64&apos;, os.version: &apos;10.0&apos;, java.version: &apos;11.0.14&apos;&#10;Driver info: org.openqa.selenium.chrome.ChromeDriver&#10;Command: [e5358bc54d682c2105ef45dd783374c5, clickElement {id=bce7965c-7522-4a77-9787-28265d479082}]&#10;Capabilities {acceptInsecureCerts: false, browserName: chrome, browserVersion: 100.0.4896.127, chrome: {chromedriverVersion: 100.0.4896.60 (6a5d10861ce8..., userDataDir: C:\WINDOWS\TEMP\scoped_dir1...}, goog:chromeOptions: {debuggerAddress: localhost:61116}, javascriptEnabled: true, networkConnectionEnabled: false, pageLoadStrategy: normal, platform: WINDOWS, platformName: WINDOWS, proxy: Proxy(), se:cdp: ws://localhost:61116/devtoo..., se:cdpVersion: 100.0.4896.127, setWindowRect: true, strictFileInteractability: false, timeouts: {implicit: 0, pageLoad: 300000, script: 30000}, unhandledPromptBehavior: dismiss and notify, webauthn:extension:credBlob: true, webauthn:extension:largeBlob: true, webauthn:virtualAuthenticators: true}&#10;Element: [[ChromeDriver: chrome on WINDOWS (e5358bc54d682c2105ef45dd783374c5)] -&gt; xpath: //span[text()=&apos;My Account&apos;]]&#10;Session ID: e5358bc54d682c2105ef45dd783374c5" type="org.openqa.selenium.ElementNotInteractableException">org.openqa.selenium.ElementNotInteractableException: 
element not interactable
  (Session info: chrome=100.0.4896.127)
Build info: version: '4.1.3', revision: '7b1ebf28ef'
System info: host: 'DESKTOP-2PSTLR1', ip: '192.168.1.5', os.name: 'Windows 10', os.arch: 'amd64', os.version: '10.0', java.version: '11.0.14'
Driver info: org.openqa.selenium.chrome.ChromeDriver
Command: [e5358bc54d682c2105ef45dd783374c5, clickElement {id=bce7965c-7522-4a77-9787-28265d479082}]
Capabilities {acceptInsecureCerts: false, browserName: chrome, browserVersion: 100.0.4896.127, chrome: {chromedriverVersion: 100.0.4896.60 (6a5d10861ce8..., userDataDir: C:\WINDOWS\TEMP\scoped_dir1...}, goog:chromeOptions: {debuggerAddress: localhost:61116}, javascriptEnabled: true, networkConnectionEnabled: false, pageLoadStrategy: normal, platform: WINDOWS, platformName: WINDOWS, proxy: Proxy(), se:cdp: ws://localhost:61116/devtoo..., se:cdpVersion: 100.0.4896.127, setWindowRect: true, strictFileInteractability: false, timeouts: {implicit: 0, pageLoad: 300000, script: 30000}, unhandledPromptBehavior: dismiss and notify, webauthn:extension:credBlob: true, webauthn:extension:largeBlob: true, webauthn:virtualAuthenticators: true}
Element: [[ChromeDriver: chrome on WINDOWS (e5358bc54d682c2105ef45dd783374c5)] -> xpath: //span[text()='My Account']]
Session ID: e5358bc54d682c2105ef45dd783374c5
	at com.demoOpencart.testCases.TC_RegistrationTest.registrationTest(TC_RegistrationTest.java:20)
</failure>
    <system-err><![CDATA[Starting ChromeDriver 100.0.4896.60 (6a5d10861ce8de5fce22564658033b43cb7de047-refs/branch-heads/4896@{#875}) on port 52347
Only local connections are allowed.
Please see https://chromedriver.chromium.org/security-considerations for suggestions on keeping ChromeDriver safe.
ChromeDriver was started successfully.
May 02, 2022 11:32:43 PM org.openqa.selenium.remote.ProtocolHandshake createSession
INFO: Detected dialect: W3C
May 02, 2022 11:32:43 PM org.openqa.selenium.devtools.CdpVersionFinder findNearestMatch
WARNING: Unable to find an exact match for CDP version 100, so returning the closest version found: 99
May 02, 2022 11:32:43 PM org.openqa.selenium.devtools.CdpVersionFinder findNearestMatch
INFO: Found CDP implementation for version 100 of 99
]]></system-err>
  </testcase>
  <testcase name="orderProductTest" classname="com.demoOpencart.testCases.TC_OrderProductTest" time="20.073">
    <failure message="element not interactable&#10;  (Session info: chrome=100.0.4896.127)&#10;Build info: version: &apos;4.1.3&apos;, revision: &apos;7b1ebf28ef&apos;&#10;System info: host: &apos;DESKTOP-2PSTLR1&apos;, ip: &apos;192.168.1.5&apos;, os.name: &apos;Windows 10&apos;, os.arch: &apos;amd64&apos;, os.version: &apos;10.0&apos;, java.version: &apos;11.0.14&apos;&#10;Driver info: org.openqa.selenium.chrome.ChromeDriver&#10;Command: [ed76673c18c93cd37d2246a3de4ec428, clickElement {id=1ed69eeb-bf89-4857-8ae2-0d01f9c4dc55}]&#10;Capabilities {acceptInsecureCerts: false, browserName: chrome, browserVersion: 100.0.4896.127, chrome: {chromedriverVersion: 100.0.4896.60 (6a5d10861ce8..., userDataDir: C:\WINDOWS\TEMP\scoped_dir1...}, goog:chromeOptions: {debuggerAddress: localhost:61137}, javascriptEnabled: true, networkConnectionEnabled: false, pageLoadStrategy: normal, platform: WINDOWS, platformName: WINDOWS, proxy: Proxy(), se:cdp: ws://localhost:61137/devtoo..., se:cdpVersion: 100.0.4896.127, setWindowRect: true, strictFileInteractability: false, timeouts: {implicit: 0, pageLoad: 300000, script: 30000}, unhandledPromptBehavior: dismiss and notify, webauthn:extension:credBlob: true, webauthn:extension:largeBlob: true, webauthn:virtualAuthenticators: true}&#10;Element: [[ChromeDriver: chrome on WINDOWS (ed76673c18c93cd37d2246a3de4ec428)] -&gt; xpath: //span[text()=&apos;My Account&apos;]]&#10;Session ID: ed76673c18c93cd37d2246a3de4ec428" type="org.openqa.selenium.ElementNotInteractableException">org.openqa.selenium.ElementNotInteractableException: 
element not interactable
  (Session info: chrome=100.0.4896.127)
Build info: version: '4.1.3', revision: '7b1ebf28ef'
System info: host: 'DESKTOP-2PSTLR1', ip: '192.168.1.5', os.name: 'Windows 10', os.arch: 'amd64', os.version: '10.0', java.version: '11.0.14'
Driver info: org.openqa.selenium.chrome.ChromeDriver
Command: [ed76673c18c93cd37d2246a3de4ec428, clickElement {id=1ed69eeb-bf89-4857-8ae2-0d01f9c4dc55}]
Capabilities {acceptInsecureCerts: false, browserName: chrome, browserVersion: 100.0.4896.127, chrome: {chromedriverVersion: 100.0.4896.60 (6a5d10861ce8..., userDataDir: C:\WINDOWS\TEMP\scoped_dir1...}, goog:chromeOptions: {debuggerAddress: localhost:61137}, javascriptEnabled: true, networkConnectionEnabled: false, pageLoadStrategy: normal, platform: WINDOWS, platformName: WINDOWS, proxy: Proxy(), se:cdp: ws://localhost:61137/devtoo..., se:cdpVersion: 100.0.4896.127, setWindowRect: true, strictFileInteractability: false, timeouts: {implicit: 0, pageLoad: 300000, script: 30000}, unhandledPromptBehavior: dismiss and notify, webauthn:extension:credBlob: true, webauthn:extension:largeBlob: true, webauthn:virtualAuthenticators: true}
Element: [[ChromeDriver: chrome on WINDOWS (ed76673c18c93cd37d2246a3de4ec428)] -> xpath: //span[text()='My Account']]
Session ID: ed76673c18c93cd37d2246a3de4ec428
	at com.demoOpencart.testCases.TC_OrderProductTest.orderProductTest(TC_OrderProductTest.java:24)
</failure>
    <system-err><![CDATA[Starting ChromeDriver 100.0.4896.60 (6a5d10861ce8de5fce22564658033b43cb7de047-refs/branch-heads/4896@{#875}) on port 52900
Only local connections are allowed.
Please see https://chromedriver.chromium.org/security-considerations for suggestions on keeping ChromeDriver safe.
ChromeDriver was started successfully.
May 02, 2022 11:33:09 PM org.openqa.selenium.remote.ProtocolHandshake createSession
INFO: Detected dialect: W3C
May 02, 2022 11:33:09 PM org.openqa.selenium.devtools.CdpVersionFinder findNearestMatch
WARNING: Unable to find an exact match for CDP version 100, so returning the closest version found: 99
May 02, 2022 11:33:09 PM org.openqa.selenium.devtools.CdpVersionFinder findNearestMatch
INFO: Found CDP implementation for version 100 of 99
]]></system-err>
  </testcase>
  <testcase name="wishListTest" classname="com.demoOpencart.testCases.TC_WishListTest" time="20.08">
    <failure message="element not interactable&#10;  (Session info: chrome=100.0.4896.127)&#10;Build info: version: &apos;4.1.3&apos;, revision: &apos;7b1ebf28ef&apos;&#10;System info: host: &apos;DESKTOP-2PSTLR1&apos;, ip: &apos;192.168.1.5&apos;, os.name: &apos;Windows 10&apos;, os.arch: &apos;amd64&apos;, os.version: &apos;10.0&apos;, java.version: &apos;11.0.14&apos;&#10;Driver info: org.openqa.selenium.chrome.ChromeDriver&#10;Command: [584e940a28c8eed91f616536008c0114, clickElement {id=844021c0-66b4-4b69-ab68-031053bfe65f}]&#10;Capabilities {acceptInsecureCerts: false, browserName: chrome, browserVersion: 100.0.4896.127, chrome: {chromedriverVersion: 100.0.4896.60 (6a5d10861ce8..., userDataDir: C:\WINDOWS\TEMP\scoped_dir1...}, goog:chromeOptions: {debuggerAddress: localhost:61158}, javascriptEnabled: true, networkConnectionEnabled: false, pageLoadStrategy: normal, platform: WINDOWS, platformName: WINDOWS, proxy: Proxy(), se:cdp: ws://localhost:61158/devtoo..., se:cdpVersion: 100.0.4896.127, setWindowRect: true, strictFileInteractability: false, timeouts: {implicit: 0, pageLoad: 300000, script: 30000}, unhandledPromptBehavior: dismiss and notify, webauthn:extension:credBlob: true, webauthn:extension:largeBlob: true, webauthn:virtualAuthenticators: true}&#10;Element: [[ChromeDriver: chrome on WINDOWS (584e940a28c8eed91f616536008c0114)] -&gt; xpath: //span[text()=&apos;My Account&apos;]]&#10;Session ID: 584e940a28c8eed91f616536008c0114" type="org.openqa.selenium.ElementNotInteractableException">org.openqa.selenium.ElementNotInteractableException: 
element not interactable
  (Session info: chrome=100.0.4896.127)
Build info: version: '4.1.3', revision: '7b1ebf28ef'
System info: host: 'DESKTOP-2PSTLR1', ip: '192.168.1.5', os.name: 'Windows 10', os.arch: 'amd64', os.version: '10.0', java.version: '11.0.14'
Driver info: org.openqa.selenium.chrome.ChromeDriver
Command: [584e940a28c8eed91f616536008c0114, clickElement {id=844021c0-66b4-4b69-ab68-031053bfe65f}]
Capabilities {acceptInsecureCerts: false, browserName: chrome, browserVersion: 100.0.4896.127, chrome: {chromedriverVersion: 100.0.4896.60 (6a5d10861ce8..., userDataDir: C:\WINDOWS\TEMP\scoped_dir1...}, goog:chromeOptions: {debuggerAddress: localhost:61158}, javascriptEnabled: true, networkConnectionEnabled: false, pageLoadStrategy: normal, platform: WINDOWS, platformName: WINDOWS, proxy: Proxy(), se:cdp: ws://localhost:61158/devtoo..., se:cdpVersion: 100.0.4896.127, setWindowRect: true, strictFileInteractability: false, timeouts: {implicit: 0, pageLoad: 300000, script: 30000}, unhandledPromptBehavior: dismiss and notify, webauthn:extension:credBlob: true, webauthn:extension:largeBlob: true, webauthn:virtualAuthenticators: true}
Element: [[ChromeDriver: chrome on WINDOWS (584e940a28c8eed91f616536008c0114)] -> xpath: //span[text()='My Account']]
Session ID: 584e940a28c8eed91f616536008c0114
	at com.demoOpencart.testCases.TC_WishListTest.wishListTest(TC_WishListTest.java:21)
</failure>
    <system-err><![CDATA[Starting ChromeDriver 100.0.4896.60 (6a5d10861ce8de5fce22564658033b43cb7de047-refs/branch-heads/4896@{#875}) on port 63567
Only local connections are allowed.
Please see https://chromedriver.chromium.org/security-considerations for suggestions on keeping ChromeDriver safe.
ChromeDriver was started successfully.
May 02, 2022 11:33:34 PM org.openqa.selenium.remote.ProtocolHandshake createSession
INFO: Detected dialect: W3C
May 02, 2022 11:33:34 PM org.openqa.selenium.devtools.CdpVersionFinder findNearestMatch
WARNING: Unable to find an exact match for CDP version 100, so returning the closest version found: 99
May 02, 2022 11:33:34 PM org.openqa.selenium.devtools.CdpVersionFinder findNearestMatch
INFO: Found CDP implementation for version 100 of 99
]]></system-err>
  </testcase>
  <testcase name="sortingTest" classname="com.demoOpencart.testCases.TC_SortingTest" time="20.067">
    <failure message="element not interactable&#10;  (Session info: chrome=100.0.4896.127)&#10;Build info: version: &apos;4.1.3&apos;, revision: &apos;7b1ebf28ef&apos;&#10;System info: host: &apos;DESKTOP-2PSTLR1&apos;, ip: &apos;192.168.1.5&apos;, os.name: &apos;Windows 10&apos;, os.arch: &apos;amd64&apos;, os.version: &apos;10.0&apos;, java.version: &apos;11.0.14&apos;&#10;Driver info: org.openqa.selenium.chrome.ChromeDriver&#10;Command: [5218a213e85be27453a3dcd9166c7bcd, clickElement {id=e2577a91-6ab3-48f1-8054-171e5636a779}]&#10;Capabilities {acceptInsecureCerts: false, browserName: chrome, browserVersion: 100.0.4896.127, chrome: {chromedriverVersion: 100.0.4896.60 (6a5d10861ce8..., userDataDir: C:\WINDOWS\TEMP\scoped_dir1...}, goog:chromeOptions: {debuggerAddress: localhost:61179}, javascriptEnabled: true, networkConnectionEnabled: false, pageLoadStrategy: normal, platform: WINDOWS, platformName: WINDOWS, proxy: Proxy(), se:cdp: ws://localhost:61179/devtoo..., se:cdpVersion: 100.0.4896.127, setWindowRect: true, strictFileInteractability: false, timeouts: {implicit: 0, pageLoad: 300000, script: 30000}, unhandledPromptBehavior: dismiss and notify, webauthn:extension:credBlob: true, webauthn:extension:largeBlob: true, webauthn:virtualAuthenticators: true}&#10;Element: [[ChromeDriver: chrome on WINDOWS (5218a213e85be27453a3dcd9166c7bcd)] -&gt; xpath: //span[text()=&apos;My Account&apos;]]&#10;Session ID: 5218a213e85be27453a3dcd9166c7bcd" type="org.openqa.selenium.ElementNotInteractableException">org.openqa.selenium.ElementNotInteractableException: 
element not interactable
  (Session info: chrome=100.0.4896.127)
Build info: version: '4.1.3', revision: '7b1ebf28ef'
System info: host: 'DESKTOP-2PSTLR1', ip: '192.168.1.5', os.name: 'Windows 10', os.arch: 'amd64', os.version: '10.0', java.version: '11.0.14'
Driver info: org.openqa.selenium.chrome.ChromeDriver
Command: [5218a213e85be27453a3dcd9166c7bcd, clickElement {id=e2577a91-6ab3-48f1-8054-171e5636a779}]
Capabilities {acceptInsecureCerts: false, browserName: chrome, browserVersion: 100.0.4896.127, chrome: {chromedriverVersion: 100.0.4896.60 (6a5d10861ce8..., userDataDir: C:\WINDOWS\TEMP\scoped_dir1...}, goog:chromeOptions: {debuggerAddress: localhost:61179}, javascriptEnabled: true, networkConnectionEnabled: false, pageLoadStrategy: normal, platform: WINDOWS, platformName: WINDOWS, proxy: Proxy(), se:cdp: ws://localhost:61179/devtoo..., se:cdpVersion: 100.0.4896.127, setWindowRect: true, strictFileInteractability: false, timeouts: {implicit: 0, pageLoad: 300000, script: 30000}, unhandledPromptBehavior: dismiss and notify, webauthn:extension:credBlob: true, webauthn:extension:largeBlob: true, webauthn:virtualAuthenticators: true}
Element: [[ChromeDriver: chrome on WINDOWS (5218a213e85be27453a3dcd9166c7bcd)] -> xpath: //span[text()='My Account']]
Session ID: 5218a213e85be27453a3dcd9166c7bcd
	at com.demoOpencart.testCases.TC_SortingTest.sortingTest(TC_SortingTest.java:23)
</failure>
    <system-err><![CDATA[Starting ChromeDriver 100.0.4896.60 (6a5d10861ce8de5fce22564658033b43cb7de047-refs/branch-heads/4896@{#875}) on port 62982
Only local connections are allowed.
Please see https://chromedriver.chromium.org/security-considerations for suggestions on keeping ChromeDriver safe.
ChromeDriver was started successfully.
May 02, 2022 11:34:00 PM org.openqa.selenium.remote.ProtocolHandshake createSession
INFO: Detected dialect: W3C
May 02, 2022 11:34:00 PM org.openqa.selenium.devtools.CdpVersionFinder findNearestMatch
WARNING: Unable to find an exact match for CDP version 100, so returning the closest version found: 99
May 02, 2022 11:34:00 PM org.openqa.selenium.devtools.CdpVersionFinder findNearestMatch
INFO: Found CDP implementation for version 100 of 99
]]></system-err>
  </testcase>
</testsuite>